ERROR StackTrace - Full Stack Trace:
grails.views.ViewRenderException: Error rendering view: null
	at grails.views.AbstractWritableScript.writeTo(AbstractWritableScript.groovy:33) ~[views-core-1.0.1.jar:na]
	at grails.views.mvc.GenericGroovyTemplateView.renderMergedOutputModel(GenericGroovyTemplateView.groovy:64) ~[views-core-1.0.1.jar:na]
	at org.springframework.web.servlet.view.AbstractView.render(AbstractView.java:303) ~[spring-webmvc-4.2.4.RELEASE.jar:4.2.4.RELEASE]
	at grails.views.mvc.renderer.DefaultViewRenderer.render(DefaultViewRenderer.groovy:94) ~[views-core-1.0.1.jar:na]
	at grails.artefact.controller.RestResponder$Trait$Helper.internalRespond(RestResponder.groovy:188) ~[grails-plugin-rest-3.1.1.jar:3.1.1]
	at grails.artefact.controller.RestResponder$Trait$Helper.respond(RestResponder.groovy:62) ~[grails-plugin-rest-3.1.1.jar:3.1.1]
	at grails.artefact.controller.RestResponder$Trait$Helper$respond$1.call(Unknown Source) ~[na:na]
	at org.codehaus.groovy.runtime.callsite.CallSiteArray.defaultCall(CallSiteArray.java:48) ~[groovy-2.4.5.jar:2.4.5]
	at org.codehaus.groovy.runtime.callsite.AbstractCallSite.call(AbstractCallSite.java:113) ~[groovy-2.4.5.jar:2.4.5]
	at org.codehaus.groovy.runtime.callsite.AbstractCallSite.call(AbstractCallSite.java:141) ~[groovy-2.4.5.jar:2.4.5]
	at restapi.UserController.respond(UserController.groovy) ~[main/:na]
	at grails.artefact.controller.RestResponder$respond.callCurrent(Unknown Source) ~[na:na]
	at org.codehaus.groovy.runtime.callsite.CallSiteArray.defaultCallCurrent(CallSiteArray.java:52) ~[groovy-2.4.5.jar:2.4.5]
	at org.codehaus.groovy.runtime.callsite.AbstractCallSite.callCurrent(AbstractCallSite.java:154) ~[groovy-2.4.5.jar:2.4.5]
	at org.codehaus.groovy.runtime.callsite.AbstractCallSite.callCurrent(AbstractCallSite.java:174) ~[groovy-2.4.5.jar:2.4.5]
	at restapi.UserController.index(UserController.groovy:14) ~[main/:na]
	at restapi.UserController.$tt__index(UserController.groovy) ~[main/:na]
	at restapi.UserController$_index_closure4.doCall(UserController.groovy) ~[main/:na]
	at sun.reflect.NativeMethodAccessorImpl.invoke0(Native Method) ~[na:1.7.0_80]
	at sun.reflect.NativeMethodAccessorImpl.invoke(NativeMethodAccessorImpl.java:57) ~[na:1.7.0_80]
	at sun.reflect.DelegatingMethodAccessorImpl.invoke(DelegatingMethodAccessorImpl.java:43) ~[na:1.7.0_80]
	at java.lang.reflect.Method.invoke(Method.java:606) ~[na:1.7.0_80]
	at org.springsource.loaded.ri.ReflectiveInterceptor.jlrMethodInvoke(ReflectiveInterceptor.java:1426) ~[springloaded-1.2.5.RELEASE.jar:1.2.5.RELEASE]
	at org.codehaus.groovy.reflection.CachedMethod.invoke(CachedMethod.java:93) ~[groovy-2.4.5.jar:2.4.5]
	at groovy.lang.MetaMethod.doMethodInvoke(MetaMethod.java:325) ~[groovy-2.4.5.jar:2.4.5]
	at org.codehaus.groovy.runtime.metaclass.ClosureMetaClass.invokeMethod(ClosureMetaClass.java:294) ~[groovy-2.4.5.jar:2.4.5]
	at groovy.lang.MetaClassImpl.invokeMethod(MetaClassImpl.java:1019) ~[groovy-2.4.5.jar:2.4.5]
	at groovy.lang.Closure.call(Closure.java:426) ~[groovy-2.4.5.jar:2.4.5]
	at restapi.UserController$_index_closure4.call(UserController.groovy) ~[main/:na]
	at groovy.lang.Closure.call(Closure.java:442) ~[groovy-2.4.5.jar:2.4.5]
	at restapi.UserController$_index_closure4.call(UserController.groovy) ~[main/:na]
	at grails.transaction.GrailsTransactionTemplate$2.doInTransaction(GrailsTransactionTemplate.groovy:96) ~[grails-core-3.1.1.jar:3.1.1]
	at org.springframework.transaction.support.TransactionTemplate.execute(TransactionTemplate.java:133) ~[spring-tx-4.2.4.RELEASE.jar:4.2.4.RELEASE]
	at grails.transaction.GrailsTransactionTemplate.execute(GrailsTransactionTemplate.groovy:93) ~[grails-core-3.1.1.jar:3.1.1]
	at restapi.UserController.index(UserController.groovy) ~[main/:na]
	at org.grails.core.DefaultGrailsControllerClass.invoke(DefaultGrailsControllerClass.java:182) ~[grails-core-3.1.1.jar:3.1.1]
	at org.grails.web.mapping.mvc.UrlMappingsInfoHandlerAdapter.handle(UrlMappingsInfoHandlerAdapter.groovy:87) ~[grails-web-url-mappings-3.1.1.jar:3.1.1]
	at org.springframework.web.servlet.DispatcherServlet.doDispatch(DispatcherServlet.java:959) [spring-webmvc-4.2.4.RELEASE.jar:4.2.4.RELEASE]
	at org.springframework.web.servlet.DispatcherServlet.doService(DispatcherServlet.java:893) [spring-webmvc-4.2.4.RELEASE.jar:4.2.4.RELEASE]
	at org.springframework.web.servlet.FrameworkServlet.processRequest(FrameworkServlet.java:969) [spring-webmvc-4.2.4.RELEASE.jar:4.2.4.RELEASE]
	at org.springframework.web.servlet.FrameworkServlet.doGet(FrameworkServlet.java:860) [spring-webmvc-4.2.4.RELEASE.jar:4.2.4.RELEASE]
	at javax.servlet.http.HttpServlet.service(HttpServlet.java:622) [tomcat-embed-core-8.0.30.jar:8.0.30]
	at org.springframework.web.servlet.FrameworkServlet.service(FrameworkServlet.java:845) [spring-webmvc-4.2.4.RELEASE.jar:4.2.4.RELEASE]
	at javax.servlet.http.HttpServlet.service(HttpServlet.java:729) [tomcat-embed-core-8.0.30.jar:8.0.30]
	at org.apache.catalina.core.ApplicationFilterChain.internalDoFilter(ApplicationFilterChain.java:291) [tomcat-embed-core-8.0.30.jar:8.0.30]
	at org.apache.catalina.core.ApplicationFilterChain.doFilter(ApplicationFilterChain.java:206) [tomcat-embed-core-8.0.30.jar:8.0.30]
	at org.apache.tomcat.websocket.server.WsFilter.doFilter(WsFilter.java:52) [tomcat-embed-websocket-8.0.30.jar:8.0.30]
	at org.apache.catalina.core.ApplicationFilterChain.internalDoFilter(ApplicationFilterChain.java:239) [tomcat-embed-core-8.0.30.jar:8.0.30]
	at org.apache.catalina.core.ApplicationFilterChain.doFilter(ApplicationFilterChain.java:206) [tomcat-embed-core-8.0.30.jar:8.0.30]
	at org.springframework.boot.actuate.autoconfigure.EndpointWebMvcAutoConfiguration$ApplicationContextHeaderFilter.doFilterInternal(EndpointWebMvcAutoConfiguration.java:237) [spring-boot-actuator-1.3.2.RELEASE.jar:1.3.2.RELEASE]
	at org.springframework.web.filter.OncePerRequestFilter.doFilter(OncePerRequestFilter.java:107) [spring-web-4.2.4.RELEASE.jar:4.2.4.RELEASE]
	at org.apache.catalina.core.ApplicationFilterChain.internalDoFilter(ApplicationFilterChain.java:239) [tomcat-embed-core-8.0.30.jar:8.0.30]
	at org.apache.catalina.core.ApplicationFilterChain.doFilter(ApplicationFilterChain.java:206) [tomcat-embed-core-8.0.30.jar:8.0.30]
	at org.springframework.boot.actuate.trace.WebRequestTraceFilter.doFilterInternal(WebRequestTraceFilter.java:111) [spring-boot-actuator-1.3.2.RELEASE.jar:1.3.2.RELEASE]
	at org.springframework.web.filter.OncePerRequestFilter.doFilter(OncePerRequestFilter.java:107) [spring-web-4.2.4.RELEASE.jar:4.2.4.RELEASE]
	at org.apache.catalina.core.ApplicationFilterChain.internalDoFilter(ApplicationFilterChain.java:239) [tomcat-embed-core-8.0.30.jar:8.0.30]
	at org.apache.catalina.core.ApplicationFilterChain.doFilter(ApplicationFilterChain.java:206) [tomcat-embed-core-8.0.30.jar:8.0.30]
	at org.grails.web.servlet.mvc.GrailsWebRequestFilter.doFilterInternal(GrailsWebRequestFilter.java:73) [grails-web-mvc-3.1.1.jar:3.1.1]
	at org.springframework.web.filter.OncePerRequestFilter.doFilter(OncePerRequestFilter.java:107) [spring-web-4.2.4.RELEASE.jar:4.2.4.RELEASE]
	at org.apache.catalina.core.ApplicationFilterChain.internalDoFilter(ApplicationFilterChain.java:239) [tomcat-embed-core-8.0.30.jar:8.0.30]
	at org.apache.catalina.core.ApplicationFilterChain.doFilter(ApplicationFilterChain.java:206) [tomcat-embed-core-8.0.30.jar:8.0.30]
	at org.grails.web.filters.HiddenHttpMethodFilter.doFilterInternal(HiddenHttpMethodFilter.java:67) [grails-web-mvc-3.1.1.jar:3.1.1]
	at org.springframework.web.filter.OncePerRequestFilter.doFilter(OncePerRequestFilter.java:107) [spring-web-4.2.4.RELEASE.jar:4.2.4.RELEASE]
	at org.apache.catalina.core.ApplicationFilterChain.internalDoFilter(ApplicationFilterChain.java:239) [tomcat-embed-core-8.0.30.jar:8.0.30]
	at org.apache.catalina.core.ApplicationFilterChain.doFilter(ApplicationFilterChain.java:206) [tomcat-embed-core-8.0.30.jar:8.0.30]
	at org.springframework.web.filter.CharacterEncodingFilter.doFilterInternal(CharacterEncodingFilter.java:121) [spring-web-4.2.4.RELEASE.jar:4.2.4.RELEASE]
	at org.springframework.web.filter.OncePerRequestFilter.doFilter(OncePerRequestFilter.java:107) [spring-web-4.2.4.RELEASE.jar:4.2.4.RELEASE]
	at org.apache.catalina.core.ApplicationFilterChain.internalDoFilter(ApplicationFilterChain.java:239) [tomcat-embed-core-8.0.30.jar:8.0.30]
	at org.apache.catalina.core.ApplicationFilterChain.doFilter(ApplicationFilterChain.java:206) [tomcat-embed-core-8.0.30.jar:8.0.30]
	at org.springframework.boot.actuate.autoconfigure.MetricsFilter.doFilterInternal(MetricsFilter.java:103) [spring-boot-actuator-1.3.2.RELEASE.jar:1.3.2.RELEASE]
	at org.springframework.web.filter.OncePerRequestFilter.doFilter(OncePerRequestFilter.java:107) [spring-web-4.2.4.RELEASE.jar:4.2.4.RELEASE]
	at org.apache.catalina.core.ApplicationFilterChain.internalDoFilter(ApplicationFilterChain.java:239) [tomcat-embed-core-8.0.30.jar:8.0.30]
	at org.apache.catalina.core.ApplicationFilterChain.doFilter(ApplicationFilterChain.java:206) [tomcat-embed-core-8.0.30.jar:8.0.30]
	at org.apache.catalina.core.StandardWrapperValve.invoke(StandardWrapperValve.java:212) [tomcat-embed-core-8.0.30.jar:8.0.30]
	at org.apache.catalina.core.StandardContextValve.invoke(StandardContextValve.java:106) [tomcat-embed-core-8.0.30.jar:8.0.30]
	at org.apache.catalina.authenticator.AuthenticatorBase.invoke(AuthenticatorBase.java:502) [tomcat-embed-core-8.0.30.jar:8.0.30]
	at org.apache.catalina.core.StandardHostValve.invoke(StandardHostValve.java:141) [tomcat-embed-core-8.0.30.jar:8.0.30]
	at org.apache.catalina.valves.ErrorReportValve.invoke(ErrorReportValve.java:79) [tomcat-embed-core-8.0.30.jar:8.0.30]
	at org.apache.catalina.core.StandardEngineValve.invoke(StandardEngineValve.java:88) [tomcat-embed-core-8.0.30.jar:8.0.30]
	at org.apache.catalina.connector.CoyoteAdapter.service(CoyoteAdapter.java:521) [tomcat-embed-core-8.0.30.jar:8.0.30]
	at org.apache.coyote.http11.AbstractHttp11Processor.process(AbstractHttp11Processor.java:1096) [tomcat-embed-core-8.0.30.jar:8.0.30]
	at org.apache.coyote.AbstractProtocol$AbstractConnectionHandler.process(AbstractProtocol.java:674) [tomcat-embed-core-8.0.30.jar:8.0.30]
	at org.apache.tomcat.util.net.NioEndpoint$SocketProcessor.doRun(NioEndpoint.java:1500) [tomcat-embed-core-8.0.30.jar:8.0.30]
	at org.apache.tomcat.util.net.NioEndpoint$SocketProcessor.run(NioEndpoint.java:1456) [tomcat-embed-core-8.0.30.jar:8.0.30]
	at java.util.concurrent.ThreadPoolExecutor.runWorker(ThreadPoolExecutor.java:1145) [na:1.7.0_80]
	at java.util.concurrent.ThreadPoolExecutor$Worker.run(ThreadPoolExecutor.java:615) [na:1.7.0_80]
	at org.apache.tomcat.util.threads.TaskThread$WrappingRunnable.run(TaskThread.java:61) [tomcat-embed-core-8.0.30.jar:8.0.30]
	at java.lang.Thread.run(Thread.java:745) [na:1.7.0_80]
Caused by: java.lang.NullPointerException: null
	at java.util.LinkedList$ListItr.next(LinkedList.java:891) ~[na:1.7.0_80]
	at org.codehaus.groovy.control.CompilationUnit.<init>(CompilationUnit.java:234) ~[groovy-2.4.5.jar:2.4.5]
	at org.codehaus.groovy.control.CompilationUnit.<init>(CompilationUnit.java:123) ~[groovy-2.4.5.jar:2.4.5]
	at groovy.lang.GroovyClassLoader.createCompilationUnit(GroovyClassLoader.java:456) ~[groovy-2.4.5.jar:2.4.5]
	at groovy.lang.GroovyClassLoader.doParseClass(GroovyClassLoader.java:277) ~[groovy-2.4.5.jar:2.4.5]
	at groovy.lang.GroovyClassLoader.parseClass(GroovyClassLoader.java:268) ~[groovy-2.4.5.jar:2.4.5]
	at groovy.lang.GroovyClassLoader.parseClass(GroovyClassLoader.java:254) ~[groovy-2.4.5.jar:2.4.5]
	at grails.views.ResolvableGroovyTemplateEngine$_createTemplate_closure2.doCall(ResolvableGroovyTemplateEngine.groovy:388) ~[views-core-1.0.1.jar:na]
	at sun.reflect.NativeMethodAccessorImpl.invoke0(Native Method) ~[na:1.7.0_80]
	at sun.reflect.NativeMethodAccessorImpl.invoke(NativeMethodAccessorImpl.java:57) ~[na:1.7.0_80]
	at sun.reflect.DelegatingMethodAccessorImpl.invoke(DelegatingMethodAccessorImpl.java:43) ~[na:1.7.0_80]
	at java.lang.reflect.Method.invoke(Method.java:606) ~[na:1.7.0_80]
	at org.springsource.loaded.ri.ReflectiveInterceptor.jlrMethodInvoke(ReflectiveInterceptor.java:1426) ~[springloaded-1.2.5.RELEASE.jar:1.2.5.RELEASE]
	at org.codehaus.groovy.reflection.CachedMethod.invoke(CachedMethod.java:93) ~[groovy-2.4.5.jar:2.4.5]
	at groovy.lang.MetaMethod.doMethodInvoke(MetaMethod.java:325) ~[groovy-2.4.5.jar:2.4.5]
	at org.codehaus.groovy.runtime.metaclass.ClosureMetaClass.invokeMethod(ClosureMetaClass.java:294) ~[groovy-2.4.5.jar:2.4.5]
	at groovy.lang.MetaClassImpl.invokeMethod(MetaClassImpl.java:1019) ~[groovy-2.4.5.jar:2.4.5]
	at groovy.lang.Closure.call(Closure.java:426) ~[groovy-2.4.5.jar:2.4.5]
	at groovy.lang.Closure.call(Closure.java:442) ~[groovy-2.4.5.jar:2.4.5]
	at org.codehaus.groovy.runtime.IOGroovyMethods.withReader(IOGroovyMethods.java:1183) ~[groovy-2.4.5.jar:2.4.5]
	at org.codehaus.groovy.runtime.IOGroovyMethods.withReader(IOGroovyMethods.java:1232) ~[groovy-2.4.5.jar:2.4.5]
	at org.codehaus.groovy.runtime.ResourceGroovyMethods.withReader(ResourceGroovyMethods.java:1950) ~[groovy-2.4.5.jar:2.4.5]
	at grails.views.ResolvableGroovyTemplateEngine.createTemplate(ResolvableGroovyTemplateEngine.groovy:385) ~[views-core-1.0.1.jar:na]
	at grails.views.ResolvableGroovyTemplateEngine$_closure1.doCall(ResolvableGroovyTemplateEngine.groovy:63) ~[views-core-1.0.1.jar:na]
	at sun.reflect.NativeMethodAccessorImpl.invoke0(Native Method) ~[na:1.7.0_80]
	at sun.reflect.NativeMethodAccessorImpl.invoke(NativeMethodAccessorImpl.java:57) ~[na:1.7.0_80]
	at sun.reflect.DelegatingMethodAccessorImpl.invoke(DelegatingMethodAccessorImpl.java:43) ~[na:1.7.0_80]
	at java.lang.reflect.Method.invoke(Method.java:606) ~[na:1.7.0_80]
	at org.springsource.loaded.ri.ReflectiveInterceptor.jlrMethodInvoke(ReflectiveInterceptor.java:1426) ~[springloaded-1.2.5.RELEASE.jar:1.2.5.RELEASE]
	at org.codehaus.groovy.reflection.CachedMethod.invoke(CachedMethod.java:93) ~[groovy-2.4.5.jar:2.4.5]
	at groovy.lang.MetaMethod.doMethodInvoke(MetaMethod.java:325) ~[groovy-2.4.5.jar:2.4.5]
	at org.codehaus.groovy.runtime.metaclass.ClosureMetaClass.invokeMethod(ClosureMetaClass.java:294) ~[groovy-2.4.5.jar:2.4.5]
	at groovy.lang.MetaClassImpl.invokeMethod(MetaClassImpl.java:1019) ~[groovy-2.4.5.jar:2.4.5]
	at groovy.lang.Closure.call(Closure.java:426) ~[groovy-2.4.5.jar:2.4.5]
	at groovy.lang.MapWithDefault.get(MapWithDefault.java:63) ~[groovy-2.4.5.jar:2.4.5]
	at org.codehaus.groovy.runtime.DefaultGroovyMethods.getAt(DefaultGroovyMethods.java:7410) ~[groovy-2.4.5.jar:2.4.5]
	at grails.views.ResolvableGroovyTemplateEngine.resolveTemplate(ResolvableGroovyTemplateEngine.groovy:342) ~[views-core-1.0.1.jar:na]
	at grails.plugin.json.view.api.internal.JsonGrailsViewHelper.render(JsonGrailsViewHelper.groovy:269) ~[views-json-1.0.1.jar:na]
	at grails.plugin.json.view.api.GrailsJsonViewHelper$render$0.call(Unknown Source) ~[na:na]
	at org.codehaus.groovy.runtime.callsite.CallSiteArray.defaultCall(CallSiteArray.java:48) ~[groovy-2.4.5.jar:2.4.5]
	at org.codehaus.groovy.runtime.callsite.AbstractCallSite.call(AbstractCallSite.java:113) ~[groovy-2.4.5.jar:2.4.5]
	at org.codehaus.groovy.runtime.callsite.AbstractCallSite.call(AbstractCallSite.java:125) ~[groovy-2.4.5.jar:2.4.5]
	at grails.plugin.json.view.api.internal.TemplateRenderer.invokeMethod(TemplateRenderer.groovy:30) ~[views-json-1.0.1.jar:na]
	at org.codehaus.groovy.runtime.callsite.PogoMetaClassSite.call(PogoMetaClassSite.java:48) ~[groovy-2.4.5.jar:2.4.5]
	at org.codehaus.groovy.runtime.callsite.CallSiteArray.defaultCall(CallSiteArray.java:48) ~[groovy-2.4.5.jar:2.4.5]
	at org.codehaus.groovy.runtime.callsite.AbstractCallSite.call(AbstractCallSite.java:113) ~[groovy-2.4.5.jar:2.4.5]
	at org.codehaus.groovy.runtime.callsite.AbstractCallSite.call(AbstractCallSite.java:125) ~[groovy-2.4.5.jar:2.4.5]
	at rest_api_user_index_gson.run(rest_api_user_index_gson:7) ~[na:na]
	at grails.plugin.json.view.JsonViewTemplate.doWrite(JsonViewTemplate.groovy:32) ~[views-json-1.0.1.jar:na]
	at grails.views.AbstractWritableScript.writeTo(AbstractWritableScript.groovy:30) ~[views-core-1.0.1.jar:na]
	... 87 common frames omitted
ERROR StackTrace - Full Stack Trace:
grails.views.ViewRenderException: Error rendering view: null
	at grails.views.AbstractWritableScript.writeTo(AbstractWritableScript.groovy:33) ~[views-core-1.0.1.jar:na]
	at grails.views.mvc.GenericGroovyTemplateView.renderMergedOutputModel(GenericGroovyTemplateView.groovy:64) ~[views-core-1.0.1.jar:na]
	at org.springframework.web.servlet.view.AbstractView.render(AbstractView.java:303) ~[spring-webmvc-4.2.4.RELEASE.jar:4.2.4.RELEASE]
	at grails.views.mvc.renderer.DefaultViewRenderer.render(DefaultViewRenderer.groovy:94) ~[views-core-1.0.1.jar:na]
	at grails.artefact.controller.RestResponder$Trait$Helper.internalRespond(RestResponder.groovy:188) ~[grails-plugin-rest-3.1.1.jar:3.1.1]
	at grails.artefact.controller.RestResponder$Trait$Helper.respond(RestResponder.groovy:62) ~[grails-plugin-rest-3.1.1.jar:3.1.1]
	at grails.artefact.controller.RestResponder$Trait$Helper$respond$1.call(Unknown Source) ~[na:na]
	at restapi.UserController.respond(UserController.groovy) ~[main/:na]
	at grails.artefact.controller.RestResponder$respond.callCurrent(Unknown Source) ~[na:na]
	at restapi.UserController.index(UserController.groovy:14) ~[main/:na]
	at restapi.UserController.$tt__index(UserController.groovy) ~[main/:na]
	at restapi.UserController$_index_closure4.doCall(UserController.groovy) ~[main/:na]
	at sun.reflect.NativeMethodAccessorImpl.invoke0(Native Method) ~[na:1.7.0_80]
	at sun.reflect.NativeMethodAccessorImpl.invoke(NativeMethodAccessorImpl.java:57) ~[na:1.7.0_80]
	at sun.reflect.DelegatingMethodAccessorImpl.invoke(DelegatingMethodAccessorImpl.java:43) ~[na:1.7.0_80]
	at java.lang.reflect.Method.invoke(Method.java:606) ~[na:1.7.0_80]
	at org.springsource.loaded.ri.ReflectiveInterceptor.jlrMethodInvoke(ReflectiveInterceptor.java:1426) ~[springloaded-1.2.5.RELEASE.jar:1.2.5.RELEASE]
	at org.codehaus.groovy.reflection.CachedMethod.invoke(CachedMethod.java:93) ~[groovy-2.4.5.jar:2.4.5]
	at groovy.lang.MetaMethod.doMethodInvoke(MetaMethod.java:325) ~[groovy-2.4.5.jar:2.4.5]
	at org.codehaus.groovy.runtime.metaclass.ClosureMetaClass.invokeMethod(ClosureMetaClass.java:294) ~[groovy-2.4.5.jar:2.4.5]
	at groovy.lang.MetaClassImpl.invokeMethod(MetaClassImpl.java:1019) ~[groovy-2.4.5.jar:2.4.5]
	at groovy.lang.Closure.call(Closure.java:426) ~[groovy-2.4.5.jar:2.4.5]
	at restapi.UserController$_index_closure4.call(UserController.groovy) ~[main/:na]
	at groovy.lang.Closure.call(Closure.java:442) ~[groovy-2.4.5.jar:2.4.5]
	at restapi.UserController$_index_closure4.call(UserController.groovy) ~[main/:na]
	at grails.transaction.GrailsTransactionTemplate$2.doInTransaction(GrailsTransactionTemplate.groovy:96) ~[grails-core-3.1.1.jar:3.1.1]
	at org.springframework.transaction.support.TransactionTemplate.execute(TransactionTemplate.java:133) ~[spring-tx-4.2.4.RELEASE.jar:4.2.4.RELEASE]
	at grails.transaction.GrailsTransactionTemplate.execute(GrailsTransactionTemplate.groovy:93) ~[grails-core-3.1.1.jar:3.1.1]
	at restapi.UserController.index(UserController.groovy) ~[main/:na]
	at org.grails.core.DefaultGrailsControllerClass.invoke(DefaultGrailsControllerClass.java:182) ~[grails-core-3.1.1.jar:3.1.1]
	at org.grails.web.mapping.mvc.UrlMappingsInfoHandlerAdapter.handle(UrlMappingsInfoHandlerAdapter.groovy:87) ~[grails-web-url-mappings-3.1.1.jar:3.1.1]
	at org.springframework.web.servlet.DispatcherServlet.doDispatch(DispatcherServlet.java:959) [spring-webmvc-4.2.4.RELEASE.jar:4.2.4.RELEASE]
	at org.springframework.web.servlet.DispatcherServlet.doService(DispatcherServlet.java:893) [spring-webmvc-4.2.4.RELEASE.jar:4.2.4.RELEASE]
	at org.springframework.web.servlet.FrameworkServlet.processRequest(FrameworkServlet.java:969) [spring-webmvc-4.2.4.RELEASE.jar:4.2.4.RELEASE]
	at org.springframework.web.servlet.FrameworkServlet.doGet(FrameworkServlet.java:860) [spring-webmvc-4.2.4.RELEASE.jar:4.2.4.RELEASE]
	at javax.servlet.http.HttpServlet.service(HttpServlet.java:622) [tomcat-embed-core-8.0.30.jar:8.0.30]
	at org.springframework.web.servlet.FrameworkServlet.service(FrameworkServlet.java:845) [spring-webmvc-4.2.4.RELEASE.jar:4.2.4.RELEASE]
	at javax.servlet.http.HttpServlet.service(HttpServlet.java:729) [tomcat-embed-core-8.0.30.jar:8.0.30]
	at org.apache.catalina.core.ApplicationFilterChain.internalDoFilter(ApplicationFilterChain.java:291) [tomcat-embed-core-8.0.30.jar:8.0.30]
	at org.apache.catalina.core.ApplicationFilterChain.doFilter(ApplicationFilterChain.java:206) [tomcat-embed-core-8.0.30.jar:8.0.30]
	at org.apache.tomcat.websocket.server.WsFilter.doFilter(WsFilter.java:52) [tomcat-embed-websocket-8.0.30.jar:8.0.30]
	at org.apache.catalina.core.ApplicationFilterChain.internalDoFilter(ApplicationFilterChain.java:239) [tomcat-embed-core-8.0.30.jar:8.0.30]
	at org.apache.catalina.core.ApplicationFilterChain.doFilter(ApplicationFilterChain.java:206) [tomcat-embed-core-8.0.30.jar:8.0.30]
	at org.springframework.boot.actuate.autoconfigure.EndpointWebMvcAutoConfiguration$ApplicationContextHeaderFilter.doFilterInternal(EndpointWebMvcAutoConfiguration.java:237) [spring-boot-actuator-1.3.2.RELEASE.jar:1.3.2.RELEASE]
	at org.springframework.web.filter.OncePerRequestFilter.doFilter(OncePerRequestFilter.java:107) [spring-web-4.2.4.RELEASE.jar:4.2.4.RELEASE]
	at org.apache.catalina.core.ApplicationFilterChain.internalDoFilter(ApplicationFilterChain.java:239) [tomcat-embed-core-8.0.30.jar:8.0.30]
	at org.apache.catalina.core.ApplicationFilterChain.doFilter(ApplicationFilterChain.java:206) [tomcat-embed-core-8.0.30.jar:8.0.30]
	at org.springframework.boot.actuate.trace.WebRequestTraceFilter.doFilterInternal(WebRequestTraceFilter.java:111) [spring-boot-actuator-1.3.2.RELEASE.jar:1.3.2.RELEASE]
	at org.springframework.web.filter.OncePerRequestFilter.doFilter(OncePerRequestFilter.java:107) [spring-web-4.2.4.RELEASE.jar:4.2.4.RELEASE]
	at org.apache.catalina.core.ApplicationFilterChain.internalDoFilter(ApplicationFilterChain.java:239) [tomcat-embed-core-8.0.30.jar:8.0.30]
	at org.apache.catalina.core.ApplicationFilterChain.doFilter(ApplicationFilterChain.java:206) [tomcat-embed-core-8.0.30.jar:8.0.30]
	at org.grails.web.servlet.mvc.GrailsWebRequestFilter.doFilterInternal(GrailsWebRequestFilter.java:73) [grails-web-mvc-3.1.1.jar:3.1.1]
	at org.springframework.web.filter.OncePerRequestFilter.doFilter(OncePerRequestFilter.java:107) [spring-web-4.2.4.RELEASE.jar:4.2.4.RELEASE]
	at org.apache.catalina.core.ApplicationFilterChain.internalDoFilter(ApplicationFilterChain.java:239) [tomcat-embed-core-8.0.30.jar:8.0.30]
	at org.apache.catalina.core.ApplicationFilterChain.doFilter(ApplicationFilterChain.java:206) [tomcat-embed-core-8.0.30.jar:8.0.30]
	at org.grails.web.filters.HiddenHttpMethodFilter.doFilterInternal(HiddenHttpMethodFilter.java:67) [grails-web-mvc-3.1.1.jar:3.1.1]
	at org.springframework.web.filter.OncePerRequestFilter.doFilter(OncePerRequestFilter.java:107) [spring-web-4.2.4.RELEASE.jar:4.2.4.RELEASE]
	at org.apache.catalina.core.ApplicationFilterChain.internalDoFilter(ApplicationFilterChain.java:239) [tomcat-embed-core-8.0.30.jar:8.0.30]
	at org.apache.catalina.core.ApplicationFilterChain.doFilter(ApplicationFilterChain.java:206) [tomcat-embed-core-8.0.30.jar:8.0.30]
	at org.springframework.web.filter.CharacterEncodingFilter.doFilterInternal(CharacterEncodingFilter.java:121) [spring-web-4.2.4.RELEASE.jar:4.2.4.RELEASE]
	at org.springframework.web.filter.OncePerRequestFilter.doFilter(OncePerRequestFilter.java:107) [spring-web-4.2.4.RELEASE.jar:4.2.4.RELEASE]
	at org.apache.catalina.core.ApplicationFilterChain.internalDoFilter(ApplicationFilterChain.java:239) [tomcat-embed-core-8.0.30.jar:8.0.30]
	at org.apache.catalina.core.ApplicationFilterChain.doFilter(ApplicationFilterChain.java:206) [tomcat-embed-core-8.0.30.jar:8.0.30]
	at org.springframework.boot.actuate.autoconfigure.MetricsFilter.doFilterInternal(MetricsFilter.java:103) [spring-boot-actuator-1.3.2.RELEASE.jar:1.3.2.RELEASE]
	at org.springframework.web.filter.OncePerRequestFilter.doFilter(OncePerRequestFilter.java:107) [spring-web-4.2.4.RELEASE.jar:4.2.4.RELEASE]
	at org.apache.catalina.core.ApplicationFilterChain.internalDoFilter(ApplicationFilterChain.java:239) [tomcat-embed-core-8.0.30.jar:8.0.30]
	at org.apache.catalina.core.ApplicationFilterChain.doFilter(ApplicationFilterChain.java:206) [tomcat-embed-core-8.0.30.jar:8.0.30]
	at org.apache.catalina.core.StandardWrapperValve.invoke(StandardWrapperValve.java:212) [tomcat-embed-core-8.0.30.jar:8.0.30]
	at org.apache.catalina.core.StandardContextValve.invoke(StandardContextValve.java:106) [tomcat-embed-core-8.0.30.jar:8.0.30]
	at org.apache.catalina.authenticator.AuthenticatorBase.invoke(AuthenticatorBase.java:502) [tomcat-embed-core-8.0.30.jar:8.0.30]
	at org.apache.catalina.core.StandardHostValve.invoke(StandardHostValve.java:141) [tomcat-embed-core-8.0.30.jar:8.0.30]
	at org.apache.catalina.valves.ErrorReportValve.invoke(ErrorReportValve.java:79) [tomcat-embed-core-8.0.30.jar:8.0.30]
	at org.apache.catalina.core.StandardEngineValve.invoke(StandardEngineValve.java:88) [tomcat-embed-core-8.0.30.jar:8.0.30]
	at org.apache.catalina.connector.CoyoteAdapter.service(CoyoteAdapter.java:521) [tomcat-embed-core-8.0.30.jar:8.0.30]
	at org.apache.coyote.http11.AbstractHttp11Processor.process(AbstractHttp11Processor.java:1096) [tomcat-embed-core-8.0.30.jar:8.0.30]
	at org.apache.coyote.AbstractProtocol$AbstractConnectionHandler.process(AbstractProtocol.java:674) [tomcat-embed-core-8.0.30.jar:8.0.30]
	at org.apache.tomcat.util.net.NioEndpoint$SocketProcessor.doRun(NioEndpoint.java:1500) [tomcat-embed-core-8.0.30.jar:8.0.30]
	at org.apache.tomcat.util.net.NioEndpoint$SocketProcessor.run(NioEndpoint.java:1456) [tomcat-embed-core-8.0.30.jar:8.0.30]
	at java.util.concurrent.ThreadPoolExecutor.runWorker(ThreadPoolExecutor.java:1145) [na:1.7.0_80]
	at java.util.concurrent.ThreadPoolExecutor$Worker.run(ThreadPoolExecutor.java:615) [na:1.7.0_80]
	at org.apache.tomcat.util.threads.TaskThread$WrappingRunnable.run(TaskThread.java:61) [tomcat-embed-core-8.0.30.jar:8.0.30]
	at java.lang.Thread.run(Thread.java:745) [na:1.7.0_80]
Caused by: java.lang.NullPointerException: null
	at java.util.LinkedList$ListItr.next(LinkedList.java:891) ~[na:1.7.0_80]
	at org.codehaus.groovy.control.CompilationUnit.<init>(CompilationUnit.java:234) ~[groovy-2.4.5.jar:2.4.5]
	at org.codehaus.groovy.control.CompilationUnit.<init>(CompilationUnit.java:123) ~[groovy-2.4.5.jar:2.4.5]
	at groovy.lang.GroovyClassLoader.createCompilationUnit(GroovyClassLoader.java:456) ~[groovy-2.4.5.jar:2.4.5]
	at groovy.lang.GroovyClassLoader.doParseClass(GroovyClassLoader.java:277) ~[groovy-2.4.5.jar:2.4.5]
	at groovy.lang.GroovyClassLoader.parseClass(GroovyClassLoader.java:268) ~[groovy-2.4.5.jar:2.4.5]
	at groovy.lang.GroovyClassLoader.parseClass(GroovyClassLoader.java:254) ~[groovy-2.4.5.jar:2.4.5]
	at grails.views.ResolvableGroovyTemplateEngine$_createTemplate_closure2.doCall(ResolvableGroovyTemplateEngine.groovy:388) ~[views-core-1.0.1.jar:na]
	at sun.reflect.NativeMethodAccessorImpl.invoke0(Native Method) ~[na:1.7.0_80]
	at sun.reflect.NativeMethodAccessorImpl.invoke(NativeMethodAccessorImpl.java:57) ~[na:1.7.0_80]
	at sun.reflect.DelegatingMethodAccessorImpl.invoke(DelegatingMethodAccessorImpl.java:43) ~[na:1.7.0_80]
	at java.lang.reflect.Method.invoke(Method.java:606) ~[na:1.7.0_80]
	at org.springsource.loaded.ri.ReflectiveInterceptor.jlrMethodInvoke(ReflectiveInterceptor.java:1426) ~[springloaded-1.2.5.RELEASE.jar:1.2.5.RELEASE]
	at org.codehaus.groovy.reflection.CachedMethod.invoke(CachedMethod.java:93) ~[groovy-2.4.5.jar:2.4.5]
	at groovy.lang.MetaMethod.doMethodInvoke(MetaMethod.java:325) ~[groovy-2.4.5.jar:2.4.5]
	at org.codehaus.groovy.runtime.metaclass.ClosureMetaClass.invokeMethod(ClosureMetaClass.java:294) ~[groovy-2.4.5.jar:2.4.5]
	at groovy.lang.MetaClassImpl.invokeMethod(MetaClassImpl.java:1019) ~[groovy-2.4.5.jar:2.4.5]
	at groovy.lang.Closure.call(Closure.java:426) ~[groovy-2.4.5.jar:2.4.5]
	at groovy.lang.Closure.call(Closure.java:442) ~[groovy-2.4.5.jar:2.4.5]
	at org.codehaus.groovy.runtime.IOGroovyMethods.withReader(IOGroovyMethods.java:1183) ~[groovy-2.4.5.jar:2.4.5]
	at org.codehaus.groovy.runtime.IOGroovyMethods.withReader(IOGroovyMethods.java:1232) ~[groovy-2.4.5.jar:2.4.5]
	at org.codehaus.groovy.runtime.ResourceGroovyMethods.withReader(ResourceGroovyMethods.java:1950) ~[groovy-2.4.5.jar:2.4.5]
	at grails.views.ResolvableGroovyTemplateEngine.createTemplate(ResolvableGroovyTemplateEngine.groovy:385) ~[views-core-1.0.1.jar:na]
	at grails.views.ResolvableGroovyTemplateEngine$_closure1.doCall(ResolvableGroovyTemplateEngine.groovy:63) ~[views-core-1.0.1.jar:na]
	at sun.reflect.NativeMethodAccessorImpl.invoke0(Native Method) ~[na:1.7.0_80]
	at sun.reflect.NativeMethodAccessorImpl.invoke(NativeMethodAccessorImpl.java:57) ~[na:1.7.0_80]
	at sun.reflect.DelegatingMethodAccessorImpl.invoke(DelegatingMethodAccessorImpl.java:43) ~[na:1.7.0_80]
	at java.lang.reflect.Method.invoke(Method.java:606) ~[na:1.7.0_80]
	at org.springsource.loaded.ri.ReflectiveInterceptor.jlrMethodInvoke(ReflectiveInterceptor.java:1426) ~[springloaded-1.2.5.RELEASE.jar:1.2.5.RELEASE]
	at org.codehaus.groovy.reflection.CachedMethod.invoke(CachedMethod.java:93) ~[groovy-2.4.5.jar:2.4.5]
	at groovy.lang.MetaMethod.doMethodInvoke(MetaMethod.java:325) ~[groovy-2.4.5.jar:2.4.5]
	at org.codehaus.groovy.runtime.metaclass.ClosureMetaClass.invokeMethod(ClosureMetaClass.java:294) ~[groovy-2.4.5.jar:2.4.5]
	at groovy.lang.MetaClassImpl.invokeMethod(MetaClassImpl.java:1019) ~[groovy-2.4.5.jar:2.4.5]
	at groovy.lang.Closure.call(Closure.java:426) ~[groovy-2.4.5.jar:2.4.5]
	at groovy.lang.MapWithDefault.get(MapWithDefault.java:63) ~[groovy-2.4.5.jar:2.4.5]
	at org.codehaus.groovy.runtime.DefaultGroovyMethods.getAt(DefaultGroovyMethods.java:7410) ~[groovy-2.4.5.jar:2.4.5]
	at grails.views.ResolvableGroovyTemplateEngine.resolveTemplate(ResolvableGroovyTemplateEngine.groovy:342) ~[views-core-1.0.1.jar:na]
	at grails.plugin.json.view.api.internal.JsonGrailsViewHelper.render(JsonGrailsViewHelper.groovy:269) ~[views-json-1.0.1.jar:na]
	at grails.plugin.json.view.api.GrailsJsonViewHelper$render.call(Unknown Source) ~[na:na]
	at org.codehaus.groovy.runtime.callsite.CallSiteArray.defaultCall(CallSiteArray.java:48) ~[groovy-2.4.5.jar:2.4.5]
	at org.codehaus.groovy.runtime.callsite.AbstractCallSite.call(AbstractCallSite.java:113) ~[groovy-2.4.5.jar:2.4.5]
	at org.codehaus.groovy.runtime.callsite.AbstractCallSite.call(AbstractCallSite.java:125) ~[groovy-2.4.5.jar:2.4.5]
	at grails.plugin.json.view.api.internal.TemplateRenderer.invokeMethod(TemplateRenderer.groovy:30) ~[views-json-1.0.1.jar:na]
	at org.codehaus.groovy.runtime.callsite.PogoMetaClassSite.call(PogoMetaClassSite.java:48) ~[groovy-2.4.5.jar:2.4.5]
	at org.codehaus.groovy.runtime.callsite.CallSiteArray.defaultCall(CallSiteArray.java:48) ~[groovy-2.4.5.jar:2.4.5]
	at org.codehaus.groovy.runtime.callsite.AbstractCallSite.call(AbstractCallSite.java:113) ~[groovy-2.4.5.jar:2.4.5]
	at org.codehaus.groovy.runtime.callsite.AbstractCallSite.call(AbstractCallSite.java:125) ~[groovy-2.4.5.jar:2.4.5]
	at rest_api_user_index_gson.run(rest_api_user_index_gson:7) ~[na:na]
	at grails.plugin.json.view.JsonViewTemplate.doWrite(JsonViewTemplate.groovy:32) ~[views-json-1.0.1.jar:na]
	at grails.views.AbstractWritableScript.writeTo(AbstractWritableScript.groovy:30) ~[views-core-1.0.1.jar:na]
	... 81 common frames omitted
ERROR StackTrace - Full Stack Trace:
java.lang.NullPointerException: null
	at java.util.LinkedList$ListItr.next(LinkedList.java:891) ~[na:1.7.0_80]
	at org.codehaus.groovy.control.CompilationUnit.<init>(CompilationUnit.java:234) ~[groovy-2.4.5.jar:2.4.5]
	at org.codehaus.groovy.control.CompilationUnit.<init>(CompilationUnit.java:123) ~[groovy-2.4.5.jar:2.4.5]
	at groovy.lang.GroovyClassLoader.createCompilationUnit(GroovyClassLoader.java:456) ~[groovy-2.4.5.jar:2.4.5]
	at groovy.lang.GroovyClassLoader.doParseClass(GroovyClassLoader.java:277) ~[groovy-2.4.5.jar:2.4.5]
	at groovy.lang.GroovyClassLoader.parseClass(GroovyClassLoader.java:268) ~[groovy-2.4.5.jar:2.4.5]
	at groovy.lang.GroovyClassLoader.parseClass(GroovyClassLoader.java:254) ~[groovy-2.4.5.jar:2.4.5]
	at grails.views.ResolvableGroovyTemplateEngine$_createTemplate_closure2.doCall(ResolvableGroovyTemplateEngine.groovy:388) ~[views-core-1.0.1.jar:na]
	at sun.reflect.NativeMethodAccessorImpl.invoke0(Native Method) ~[na:1.7.0_80]
	at sun.reflect.NativeMethodAccessorImpl.invoke(NativeMethodAccessorImpl.java:57) ~[na:1.7.0_80]
	at sun.reflect.DelegatingMethodAccessorImpl.invoke(DelegatingMethodAccessorImpl.java:43) ~[na:1.7.0_80]
	at java.lang.reflect.Method.invoke(Method.java:606) ~[na:1.7.0_80]
	at org.springsource.loaded.ri.ReflectiveInterceptor.jlrMethodInvoke(ReflectiveInterceptor.java:1426) ~[springloaded-1.2.5.RELEASE.jar:1.2.5.RELEASE]
	at org.codehaus.groovy.reflection.CachedMethod.invoke(CachedMethod.java:93) ~[groovy-2.4.5.jar:2.4.5]
	at groovy.lang.MetaMethod.doMethodInvoke(MetaMethod.java:325) ~[groovy-2.4.5.jar:2.4.5]
	at org.codehaus.groovy.runtime.metaclass.ClosureMetaClass.invokeMethod(ClosureMetaClass.java:294) ~[groovy-2.4.5.jar:2.4.5]
	at groovy.lang.MetaClassImpl.invokeMethod(MetaClassImpl.java:1019) ~[groovy-2.4.5.jar:2.4.5]
	at groovy.lang.Closure.call(Closure.java:426) ~[groovy-2.4.5.jar:2.4.5]
	at groovy.lang.Closure.call(Closure.java:442) ~[groovy-2.4.5.jar:2.4.5]
	at org.codehaus.groovy.runtime.IOGroovyMethods.withReader(IOGroovyMethods.java:1183) ~[groovy-2.4.5.jar:2.4.5]
	at org.codehaus.groovy.runtime.IOGroovyMethods.withReader(IOGroovyMethods.java:1232) ~[groovy-2.4.5.jar:2.4.5]
	at org.codehaus.groovy.runtime.ResourceGroovyMethods.withReader(ResourceGroovyMethods.java:1950) ~[groovy-2.4.5.jar:2.4.5]
	at grails.views.ResolvableGroovyTemplateEngine.createTemplate(ResolvableGroovyTemplateEngine.groovy:385) ~[views-core-1.0.1.jar:na]
	at grails.views.ResolvableGroovyTemplateEngine$_closure1.doCall(ResolvableGroovyTemplateEngine.groovy:63) ~[views-core-1.0.1.jar:na]
	at sun.reflect.NativeMethodAccessorImpl.invoke0(Native Method) ~[na:1.7.0_80]
	at sun.reflect.NativeMethodAccessorImpl.invoke(NativeMethodAccessorImpl.java:57) ~[na:1.7.0_80]
	at sun.reflect.DelegatingMethodAccessorImpl.invoke(DelegatingMethodAccessorImpl.java:43) ~[na:1.7.0_80]
	at java.lang.reflect.Method.invoke(Method.java:606) ~[na:1.7.0_80]
	at org.springsource.loaded.ri.ReflectiveInterceptor.jlrMethodInvoke(ReflectiveInterceptor.java:1426) ~[springloaded-1.2.5.RELEASE.jar:1.2.5.RELEASE]
	at org.codehaus.groovy.reflection.CachedMethod.invoke(CachedMethod.java:93) ~[groovy-2.4.5.jar:2.4.5]
	at groovy.lang.MetaMethod.doMethodInvoke(MetaMethod.java:325) ~[groovy-2.4.5.jar:2.4.5]
	at org.codehaus.groovy.runtime.metaclass.ClosureMetaClass.invokeMethod(ClosureMetaClass.java:294) ~[groovy-2.4.5.jar:2.4.5]
	at groovy.lang.MetaClassImpl.invokeMethod(MetaClassImpl.java:1019) ~[groovy-2.4.5.jar:2.4.5]
	at groovy.lang.Closure.call(Closure.java:426) ~[groovy-2.4.5.jar:2.4.5]
	at groovy.lang.MapWithDefault.get(MapWithDefault.java:63) ~[groovy-2.4.5.jar:2.4.5]
	at org.codehaus.groovy.runtime.DefaultGroovyMethods.getAt(DefaultGroovyMethods.java:7410) ~[groovy-2.4.5.jar:2.4.5]
	at grails.views.ResolvableGroovyTemplateEngine.resolveTemplate(ResolvableGroovyTemplateEngine.groovy:342) ~[views-core-1.0.1.jar:na]
	at grails.plugin.json.view.api.internal.JsonGrailsViewHelper.render(JsonGrailsViewHelper.groovy:269) ~[views-json-1.0.1.jar:na]
	at grails.plugin.json.view.api.GrailsJsonViewHelper$render$0.call(Unknown Source) ~[na:na]
	at org.codehaus.groovy.runtime.callsite.CallSiteArray.defaultCall(CallSiteArray.java:48) ~[groovy-2.4.5.jar:2.4.5]
	at org.codehaus.groovy.runtime.callsite.AbstractCallSite.call(AbstractCallSite.java:113) ~[groovy-2.4.5.jar:2.4.5]
	at org.codehaus.groovy.runtime.callsite.AbstractCallSite.call(AbstractCallSite.java:125) ~[groovy-2.4.5.jar:2.4.5]
	at grails.plugin.json.view.api.internal.TemplateRenderer.invokeMethod(TemplateRenderer.groovy:30) ~[views-json-1.0.1.jar:na]
	at org.codehaus.groovy.runtime.callsite.PogoMetaClassSite.call(PogoMetaClassSite.java:48) ~[groovy-2.4.5.jar:2.4.5]
	at org.codehaus.groovy.runtime.callsite.CallSiteArray.defaultCall(CallSiteArray.java:48) ~[groovy-2.4.5.jar:2.4.5]
	at org.codehaus.groovy.runtime.callsite.AbstractCallSite.call(AbstractCallSite.java:113) ~[groovy-2.4.5.jar:2.4.5]
	at org.codehaus.groovy.runtime.callsite.AbstractCallSite.call(AbstractCallSite.java:125) ~[groovy-2.4.5.jar:2.4.5]
	at rest_api_user_index_gson.run(rest_api_user_index_gson:7) ~[na:na]
	at grails.plugin.json.view.JsonViewTemplate.doWrite(JsonViewTemplate.groovy:32) ~[views-json-1.0.1.jar:na]
	at grails.views.AbstractWritableScript.writeTo(AbstractWritableScript.groovy:30) ~[views-core-1.0.1.jar:na]
	at grails.views.mvc.GenericGroovyTemplateView.renderMergedOutputModel(GenericGroovyTemplateView.groovy:64) ~[views-core-1.0.1.jar:na]
	at org.springframework.web.servlet.view.AbstractView.render(AbstractView.java:303) ~[spring-webmvc-4.2.4.RELEASE.jar:4.2.4.RELEASE]
	at grails.views.mvc.renderer.DefaultViewRenderer.render(DefaultViewRenderer.groovy:94) ~[views-core-1.0.1.jar:na]
	at grails.artefact.controller.RestResponder$Trait$Helper.internalRespond(RestResponder.groovy:188) ~[grails-plugin-rest-3.1.1.jar:3.1.1]
	at grails.artefact.controller.RestResponder$Trait$Helper.respond(RestResponder.groovy:62) ~[grails-plugin-rest-3.1.1.jar:3.1.1]
	at grails.artefact.controller.RestResponder$Trait$Helper$respond$1.call(Unknown Source) ~[na:na]
	at org.codehaus.groovy.runtime.callsite.CallSiteArray.defaultCall(CallSiteArray.java:48) ~[groovy-2.4.5.jar:2.4.5]
	at org.codehaus.groovy.runtime.callsite.AbstractCallSite.call(AbstractCallSite.java:113) ~[groovy-2.4.5.jar:2.4.5]
	at org.codehaus.groovy.runtime.callsite.AbstractCallSite.call(AbstractCallSite.java:141) ~[groovy-2.4.5.jar:2.4.5]
	at restapi.UserController.respond(UserController.groovy) ~[main/:na]
	at grails.artefact.controller.RestResponder$respond.callCurrent(Unknown Source) ~[na:na]
	at org.codehaus.groovy.runtime.callsite.CallSiteArray.defaultCallCurrent(CallSiteArray.java:52) ~[groovy-2.4.5.jar:2.4.5]
	at org.codehaus.groovy.runtime.callsite.AbstractCallSite.callCurrent(AbstractCallSite.java:154) ~[groovy-2.4.5.jar:2.4.5]
	at org.codehaus.groovy.runtime.callsite.AbstractCallSite.callCurrent(AbstractCallSite.java:174) ~[groovy-2.4.5.jar:2.4.5]
	at restapi.UserController.index(UserController.groovy:14) ~[main/:na]
	at restapi.UserController.$tt__index(UserController.groovy) ~[main/:na]
	at restapi.UserController$_index_closure4.doCall(UserController.groovy) ~[main/:na]
	at sun.reflect.NativeMethodAccessorImpl.invoke0(Native Method) ~[na:1.7.0_80]
	at sun.reflect.NativeMethodAccessorImpl.invoke(NativeMethodAccessorImpl.java:57) ~[na:1.7.0_80]
	at sun.reflect.DelegatingMethodAccessorImpl.invoke(DelegatingMethodAccessorImpl.java:43) ~[na:1.7.0_80]
	at java.lang.reflect.Method.invoke(Method.java:606) ~[na:1.7.0_80]
	at org.springsource.loaded.ri.ReflectiveInterceptor.jlrMethodInvoke(ReflectiveInterceptor.java:1426) ~[springloaded-1.2.5.RELEASE.jar:1.2.5.RELEASE]
	at org.codehaus.groovy.reflection.CachedMethod.invoke(CachedMethod.java:93) ~[groovy-2.4.5.jar:2.4.5]
	at groovy.lang.MetaMethod.doMethodInvoke(MetaMethod.java:325) ~[groovy-2.4.5.jar:2.4.5]
	at org.codehaus.groovy.runtime.metaclass.ClosureMetaClass.invokeMethod(ClosureMetaClass.java:294) ~[groovy-2.4.5.jar:2.4.5]
	at groovy.lang.MetaClassImpl.invokeMethod(MetaClassImpl.java:1019) ~[groovy-2.4.5.jar:2.4.5]
	at groovy.lang.Closure.call(Closure.java:426) ~[groovy-2.4.5.jar:2.4.5]
	at restapi.UserController$_index_closure4.call(UserController.groovy) ~[main/:na]
	at groovy.lang.Closure.call(Closure.java:442) ~[groovy-2.4.5.jar:2.4.5]
	at restapi.UserController$_index_closure4.call(UserController.groovy) ~[main/:na]
	at grails.transaction.GrailsTransactionTemplate$2.doInTransaction(GrailsTransactionTemplate.groovy:96) ~[grails-core-3.1.1.jar:3.1.1]
	at org.springframework.transaction.support.TransactionTemplate.execute(TransactionTemplate.java:133) ~[spring-tx-4.2.4.RELEASE.jar:4.2.4.RELEASE]
	at grails.transaction.GrailsTransactionTemplate.execute(GrailsTransactionTemplate.groovy:93) ~[grails-core-3.1.1.jar:3.1.1]
	at restapi.UserController.index(UserController.groovy) ~[main/:na]
	at org.grails.core.DefaultGrailsControllerClass.invoke(DefaultGrailsControllerClass.java:182) ~[grails-core-3.1.1.jar:3.1.1]
	at org.grails.web.mapping.mvc.UrlMappingsInfoHandlerAdapter.handle(UrlMappingsInfoHandlerAdapter.groovy:87) ~[grails-web-url-mappings-3.1.1.jar:3.1.1]
	at org.springframework.web.servlet.DispatcherServlet.doDispatch(DispatcherServlet.java:959) [spring-webmvc-4.2.4.RELEASE.jar:4.2.4.RELEASE]
	at org.springframework.web.servlet.DispatcherServlet.doService(DispatcherServlet.java:893) [spring-webmvc-4.2.4.RELEASE.jar:4.2.4.RELEASE]
	at org.springframework.web.servlet.FrameworkServlet.processRequest(FrameworkServlet.java:969) [spring-webmvc-4.2.4.RELEASE.jar:4.2.4.RELEASE]
	at org.springframework.web.servlet.FrameworkServlet.doGet(FrameworkServlet.java:860) [spring-webmvc-4.2.4.RELEASE.jar:4.2.4.RELEASE]
	at javax.servlet.http.HttpServlet.service(HttpServlet.java:622) [tomcat-embed-core-8.0.30.jar:8.0.30]
	at org.springframework.web.servlet.FrameworkServlet.service(FrameworkServlet.java:845) [spring-webmvc-4.2.4.RELEASE.jar:4.2.4.RELEASE]
	at javax.servlet.http.HttpServlet.service(HttpServlet.java:729) [tomcat-embed-core-8.0.30.jar:8.0.30]
	at org.apache.catalina.core.ApplicationFilterChain.internalDoFilter(ApplicationFilterChain.java:291) [tomcat-embed-core-8.0.30.jar:8.0.30]
	at org.apache.catalina.core.ApplicationFilterChain.doFilter(ApplicationFilterChain.java:206) [tomcat-embed-core-8.0.30.jar:8.0.30]
	at org.apache.tomcat.websocket.server.WsFilter.doFilter(WsFilter.java:52) [tomcat-embed-websocket-8.0.30.jar:8.0.30]
	at org.apache.catalina.core.ApplicationFilterChain.internalDoFilter(ApplicationFilterChain.java:239) [tomcat-embed-core-8.0.30.jar:8.0.30]
	at org.apache.catalina.core.ApplicationFilterChain.doFilter(ApplicationFilterChain.java:206) [tomcat-embed-core-8.0.30.jar:8.0.30]
	at org.springframework.boot.actuate.autoconfigure.EndpointWebMvcAutoConfiguration$ApplicationContextHeaderFilter.doFilterInternal(EndpointWebMvcAutoConfiguration.java:237) [spring-boot-actuator-1.3.2.RELEASE.jar:1.3.2.RELEASE]
	at org.springframework.web.filter.OncePerRequestFilter.doFilter(OncePerRequestFilter.java:107) [spring-web-4.2.4.RELEASE.jar:4.2.4.RELEASE]
	at org.apache.catalina.core.ApplicationFilterChain.internalDoFilter(ApplicationFilterChain.java:239) [tomcat-embed-core-8.0.30.jar:8.0.30]
	at org.apache.catalina.core.ApplicationFilterChain.doFilter(ApplicationFilterChain.java:206) [tomcat-embed-core-8.0.30.jar:8.0.30]
	at org.springframework.boot.actuate.trace.WebRequestTraceFilter.doFilterInternal(WebRequestTraceFilter.java:111) [spring-boot-actuator-1.3.2.RELEASE.jar:1.3.2.RELEASE]
	at org.springframework.web.filter.OncePerRequestFilter.doFilter(OncePerRequestFilter.java:107) [spring-web-4.2.4.RELEASE.jar:4.2.4.RELEASE]
	at org.apache.catalina.core.ApplicationFilterChain.internalDoFilter(ApplicationFilterChain.java:239) [tomcat-embed-core-8.0.30.jar:8.0.30]
	at org.apache.catalina.core.ApplicationFilterChain.doFilter(ApplicationFilterChain.java:206) [tomcat-embed-core-8.0.30.jar:8.0.30]
	at org.grails.web.servlet.mvc.GrailsWebRequestFilter.doFilterInternal(GrailsWebRequestFilter.java:73) [grails-web-mvc-3.1.1.jar:3.1.1]
	at org.springframework.web.filter.OncePerRequestFilter.doFilter(OncePerRequestFilter.java:107) [spring-web-4.2.4.RELEASE.jar:4.2.4.RELEASE]
	at org.apache.catalina.core.ApplicationFilterChain.internalDoFilter(ApplicationFilterChain.java:239) [tomcat-embed-core-8.0.30.jar:8.0.30]
	at org.apache.catalina.core.ApplicationFilterChain.doFilter(ApplicationFilterChain.java:206) [tomcat-embed-core-8.0.30.jar:8.0.30]
	at org.grails.web.filters.HiddenHttpMethodFilter.doFilterInternal(HiddenHttpMethodFilter.java:67) [grails-web-mvc-3.1.1.jar:3.1.1]
	at org.springframework.web.filter.OncePerRequestFilter.doFilter(OncePerRequestFilter.java:107) [spring-web-4.2.4.RELEASE.jar:4.2.4.RELEASE]
	at org.apache.catalina.core.ApplicationFilterChain.internalDoFilter(ApplicationFilterChain.java:239) [tomcat-embed-core-8.0.30.jar:8.0.30]
	at org.apache.catalina.core.ApplicationFilterChain.doFilter(ApplicationFilterChain.java:206) [tomcat-embed-core-8.0.30.jar:8.0.30]
	at org.springframework.web.filter.CharacterEncodingFilter.doFilterInternal(CharacterEncodingFilter.java:121) [spring-web-4.2.4.RELEASE.jar:4.2.4.RELEASE]
	at org.springframework.web.filter.OncePerRequestFilter.doFilter(OncePerRequestFilter.java:107) [spring-web-4.2.4.RELEASE.jar:4.2.4.RELEASE]
	at org.apache.catalina.core.ApplicationFilterChain.internalDoFilter(ApplicationFilterChain.java:239) [tomcat-embed-core-8.0.30.jar:8.0.30]
	at org.apache.catalina.core.ApplicationFilterChain.doFilter(ApplicationFilterChain.java:206) [tomcat-embed-core-8.0.30.jar:8.0.30]
	at org.springframework.boot.actuate.autoconfigure.MetricsFilter.doFilterInternal(MetricsFilter.java:103) [spring-boot-actuator-1.3.2.RELEASE.jar:1.3.2.RELEASE]
	at org.springframework.web.filter.OncePerRequestFilter.doFilter(OncePerRequestFilter.java:107) [spring-web-4.2.4.RELEASE.jar:4.2.4.RELEASE]
	at org.apache.catalina.core.ApplicationFilterChain.internalDoFilter(ApplicationFilterChain.java:239) [tomcat-embed-core-8.0.30.jar:8.0.30]
	at org.apache.catalina.core.ApplicationFilterChain.doFilter(ApplicationFilterChain.java:206) [tomcat-embed-core-8.0.30.jar:8.0.30]
	at org.apache.catalina.core.StandardWrapperValve.invoke(StandardWrapperValve.java:212) [tomcat-embed-core-8.0.30.jar:8.0.30]
	at org.apache.catalina.core.StandardContextValve.invoke(StandardContextValve.java:106) [tomcat-embed-core-8.0.30.jar:8.0.30]
	at org.apache.catalina.authenticator.AuthenticatorBase.invoke(AuthenticatorBase.java:502) [tomcat-embed-core-8.0.30.jar:8.0.30]
	at org.apache.catalina.core.StandardHostValve.invoke(StandardHostValve.java:141) [tomcat-embed-core-8.0.30.jar:8.0.30]
	at org.apache.catalina.valves.ErrorReportValve.invoke(ErrorReportValve.java:79) [tomcat-embed-core-8.0.30.jar:8.0.30]
	at org.apache.catalina.core.StandardEngineValve.invoke(StandardEngineValve.java:88) [tomcat-embed-core-8.0.30.jar:8.0.30]
	at org.apache.catalina.connector.CoyoteAdapter.service(CoyoteAdapter.java:521) [tomcat-embed-core-8.0.30.jar:8.0.30]
	at org.apache.coyote.http11.AbstractHttp11Processor.process(AbstractHttp11Processor.java:1096) [tomcat-embed-core-8.0.30.jar:8.0.30]
	at org.apache.coyote.AbstractProtocol$AbstractConnectionHandler.process(AbstractProtocol.java:674) [tomcat-embed-core-8.0.30.jar:8.0.30]
	at org.apache.tomcat.util.net.NioEndpoint$SocketProcessor.doRun(NioEndpoint.java:1500) [tomcat-embed-core-8.0.30.jar:8.0.30]
	at org.apache.tomcat.util.net.NioEndpoint$SocketProcessor.run(NioEndpoint.java:1456) [tomcat-embed-core-8.0.30.jar:8.0.30]
	at java.util.concurrent.ThreadPoolExecutor.runWorker(ThreadPoolExecutor.java:1145) [na:1.7.0_80]
	at java.util.concurrent.ThreadPoolExecutor$Worker.run(ThreadPoolExecutor.java:615) [na:1.7.0_80]
	at org.apache.tomcat.util.threads.TaskThread$WrappingRunnable.run(TaskThread.java:61) [tomcat-embed-core-8.0.30.jar:8.0.30]
	at java.lang.Thread.run(Thread.java:745) [na:1.7.0_80]
ERROR StackTrace - Full Stack Trace:
java.lang.NullPointerException: null
	at java.util.LinkedList$ListItr.next(LinkedList.java:891) ~[na:1.7.0_80]
	at org.codehaus.groovy.control.CompilationUnit.<init>(CompilationUnit.java:234) ~[groovy-2.4.5.jar:2.4.5]
	at org.codehaus.groovy.control.CompilationUnit.<init>(CompilationUnit.java:123) ~[groovy-2.4.5.jar:2.4.5]
	at groovy.lang.GroovyClassLoader.createCompilationUnit(GroovyClassLoader.java:456) ~[groovy-2.4.5.jar:2.4.5]
	at groovy.lang.GroovyClassLoader.doParseClass(GroovyClassLoader.java:277) ~[groovy-2.4.5.jar:2.4.5]
	at groovy.lang.GroovyClassLoader.parseClass(GroovyClassLoader.java:268) ~[groovy-2.4.5.jar:2.4.5]
	at groovy.lang.GroovyClassLoader.parseClass(GroovyClassLoader.java:254) ~[groovy-2.4.5.jar:2.4.5]
	at grails.views.ResolvableGroovyTemplateEngine$_createTemplate_closure2.doCall(ResolvableGroovyTemplateEngine.groovy:388) ~[views-core-1.0.1.jar:na]
	at sun.reflect.NativeMethodAccessorImpl.invoke0(Native Method) ~[na:1.7.0_80]
	at sun.reflect.NativeMethodAccessorImpl.invoke(NativeMethodAccessorImpl.java:57) ~[na:1.7.0_80]
	at sun.reflect.DelegatingMethodAccessorImpl.invoke(DelegatingMethodAccessorImpl.java:43) ~[na:1.7.0_80]
	at java.lang.reflect.Method.invoke(Method.java:606) ~[na:1.7.0_80]
	at org.springsource.loaded.ri.ReflectiveInterceptor.jlrMethodInvoke(ReflectiveInterceptor.java:1426) ~[springloaded-1.2.5.RELEASE.jar:1.2.5.RELEASE]
	at org.codehaus.groovy.reflection.CachedMethod.invoke(CachedMethod.java:93) ~[groovy-2.4.5.jar:2.4.5]
	at groovy.lang.MetaMethod.doMethodInvoke(MetaMethod.java:325) ~[groovy-2.4.5.jar:2.4.5]
	at org.codehaus.groovy.runtime.metaclass.ClosureMetaClass.invokeMethod(ClosureMetaClass.java:294) ~[groovy-2.4.5.jar:2.4.5]
	at groovy.lang.MetaClassImpl.invokeMethod(MetaClassImpl.java:1019) ~[groovy-2.4.5.jar:2.4.5]
	at groovy.lang.Closure.call(Closure.java:426) ~[groovy-2.4.5.jar:2.4.5]
	at groovy.lang.Closure.call(Closure.java:442) ~[groovy-2.4.5.jar:2.4.5]
	at org.codehaus.groovy.runtime.IOGroovyMethods.withReader(IOGroovyMethods.java:1183) ~[groovy-2.4.5.jar:2.4.5]
	at org.codehaus.groovy.runtime.IOGroovyMethods.withReader(IOGroovyMethods.java:1232) ~[groovy-2.4.5.jar:2.4.5]
	at org.codehaus.groovy.runtime.ResourceGroovyMethods.withReader(ResourceGroovyMethods.java:1950) ~[groovy-2.4.5.jar:2.4.5]
	at grails.views.ResolvableGroovyTemplateEngine.createTemplate(ResolvableGroovyTemplateEngine.groovy:385) ~[views-core-1.0.1.jar:na]
	at grails.views.ResolvableGroovyTemplateEngine$_closure1.doCall(ResolvableGroovyTemplateEngine.groovy:63) ~[views-core-1.0.1.jar:na]
	at sun.reflect.NativeMethodAccessorImpl.invoke0(Native Method) ~[na:1.7.0_80]
	at sun.reflect.NativeMethodAccessorImpl.invoke(NativeMethodAccessorImpl.java:57) ~[na:1.7.0_80]
	at sun.reflect.DelegatingMethodAccessorImpl.invoke(DelegatingMethodAccessorImpl.java:43) ~[na:1.7.0_80]
	at java.lang.reflect.Method.invoke(Method.java:606) ~[na:1.7.0_80]
	at org.springsource.loaded.ri.ReflectiveInterceptor.jlrMethodInvoke(ReflectiveInterceptor.java:1426) ~[springloaded-1.2.5.RELEASE.jar:1.2.5.RELEASE]
	at org.codehaus.groovy.reflection.CachedMethod.invoke(CachedMethod.java:93) ~[groovy-2.4.5.jar:2.4.5]
	at groovy.lang.MetaMethod.doMethodInvoke(MetaMethod.java:325) ~[groovy-2.4.5.jar:2.4.5]
	at org.codehaus.groovy.runtime.metaclass.ClosureMetaClass.invokeMethod(ClosureMetaClass.java:294) ~[groovy-2.4.5.jar:2.4.5]
	at groovy.lang.MetaClassImpl.invokeMethod(MetaClassImpl.java:1019) ~[groovy-2.4.5.jar:2.4.5]
	at groovy.lang.Closure.call(Closure.java:426) ~[groovy-2.4.5.jar:2.4.5]
	at groovy.lang.MapWithDefault.get(MapWithDefault.java:63) ~[groovy-2.4.5.jar:2.4.5]
	at org.codehaus.groovy.runtime.DefaultGroovyMethods.getAt(DefaultGroovyMethods.java:7410) ~[groovy-2.4.5.jar:2.4.5]
	at grails.views.ResolvableGroovyTemplateEngine.resolveTemplate(ResolvableGroovyTemplateEngine.groovy:342) ~[views-core-1.0.1.jar:na]
	at grails.plugin.json.view.api.internal.JsonGrailsViewHelper.render(JsonGrailsViewHelper.groovy:269) ~[views-json-1.0.1.jar:na]
	at grails.plugin.json.view.api.GrailsJsonViewHelper$render.call(Unknown Source) ~[na:na]
	at org.codehaus.groovy.runtime.callsite.CallSiteArray.defaultCall(CallSiteArray.java:48) ~[groovy-2.4.5.jar:2.4.5]
	at org.codehaus.groovy.runtime.callsite.AbstractCallSite.call(AbstractCallSite.java:113) ~[groovy-2.4.5.jar:2.4.5]
	at org.codehaus.groovy.runtime.callsite.AbstractCallSite.call(AbstractCallSite.java:125) ~[groovy-2.4.5.jar:2.4.5]
	at grails.plugin.json.view.api.internal.TemplateRenderer.invokeMethod(TemplateRenderer.groovy:30) ~[views-json-1.0.1.jar:na]
	at org.codehaus.groovy.runtime.callsite.PogoMetaClassSite.call(PogoMetaClassSite.java:48) ~[groovy-2.4.5.jar:2.4.5]
	at org.codehaus.groovy.runtime.callsite.CallSiteArray.defaultCall(CallSiteArray.java:48) ~[groovy-2.4.5.jar:2.4.5]
	at org.codehaus.groovy.runtime.callsite.AbstractCallSite.call(AbstractCallSite.java:113) ~[groovy-2.4.5.jar:2.4.5]
	at org.codehaus.groovy.runtime.callsite.AbstractCallSite.call(AbstractCallSite.java:125) ~[groovy-2.4.5.jar:2.4.5]
	at rest_api_user_index_gson.run(rest_api_user_index_gson:7) ~[na:na]
	at grails.plugin.json.view.JsonViewTemplate.doWrite(JsonViewTemplate.groovy:32) ~[views-json-1.0.1.jar:na]
	at grails.views.AbstractWritableScript.writeTo(AbstractWritableScript.groovy:30) ~[views-core-1.0.1.jar:na]
	at grails.views.mvc.GenericGroovyTemplateView.renderMergedOutputModel(GenericGroovyTemplateView.groovy:64) ~[views-core-1.0.1.jar:na]
	at org.springframework.web.servlet.view.AbstractView.render(AbstractView.java:303) ~[spring-webmvc-4.2.4.RELEASE.jar:4.2.4.RELEASE]
	at grails.views.mvc.renderer.DefaultViewRenderer.render(DefaultViewRenderer.groovy:94) ~[views-core-1.0.1.jar:na]
	at grails.artefact.controller.RestResponder$Trait$Helper.internalRespond(RestResponder.groovy:188) ~[grails-plugin-rest-3.1.1.jar:3.1.1]
	at grails.artefact.controller.RestResponder$Trait$Helper.respond(RestResponder.groovy:62) ~[grails-plugin-rest-3.1.1.jar:3.1.1]
	at grails.artefact.controller.RestResponder$Trait$Helper$respond$1.call(Unknown Source) ~[na:na]
	at restapi.UserController.respond(UserController.groovy) ~[main/:na]
	at grails.artefact.controller.RestResponder$respond.callCurrent(Unknown Source) ~[na:na]
	at restapi.UserController.index(UserController.groovy:14) ~[main/:na]
	at restapi.UserController.$tt__index(UserController.groovy) ~[main/:na]
	at restapi.UserController$_index_closure4.doCall(UserController.groovy) ~[main/:na]
	at sun.reflect.NativeMethodAccessorImpl.invoke0(Native Method) ~[na:1.7.0_80]
	at sun.reflect.NativeMethodAccessorImpl.invoke(NativeMethodAccessorImpl.java:57) ~[na:1.7.0_80]
	at sun.reflect.DelegatingMethodAccessorImpl.invoke(DelegatingMethodAccessorImpl.java:43) ~[na:1.7.0_80]
	at java.lang.reflect.Method.invoke(Method.java:606) ~[na:1.7.0_80]
	at org.springsource.loaded.ri.ReflectiveInterceptor.jlrMethodInvoke(ReflectiveInterceptor.java:1426) ~[springloaded-1.2.5.RELEASE.jar:1.2.5.RELEASE]
	at org.codehaus.groovy.reflection.CachedMethod.invoke(CachedMethod.java:93) ~[groovy-2.4.5.jar:2.4.5]
	at groovy.lang.MetaMethod.doMethodInvoke(MetaMethod.java:325) ~[groovy-2.4.5.jar:2.4.5]
	at org.codehaus.groovy.runtime.metaclass.ClosureMetaClass.invokeMethod(ClosureMetaClass.java:294) ~[groovy-2.4.5.jar:2.4.5]
	at groovy.lang.MetaClassImpl.invokeMethod(MetaClassImpl.java:1019) ~[groovy-2.4.5.jar:2.4.5]
	at groovy.lang.Closure.call(Closure.java:426) ~[groovy-2.4.5.jar:2.4.5]
	at restapi.UserController$_index_closure4.call(UserController.groovy) ~[main/:na]
	at groovy.lang.Closure.call(Closure.java:442) ~[groovy-2.4.5.jar:2.4.5]
	at restapi.UserController$_index_closure4.call(UserController.groovy) ~[main/:na]
	at grails.transaction.GrailsTransactionTemplate$2.doInTransaction(GrailsTransactionTemplate.groovy:96) ~[grails-core-3.1.1.jar:3.1.1]
	at org.springframework.transaction.support.TransactionTemplate.execute(TransactionTemplate.java:133) ~[spring-tx-4.2.4.RELEASE.jar:4.2.4.RELEASE]
	at grails.transaction.GrailsTransactionTemplate.execute(GrailsTransactionTemplate.groovy:93) ~[grails-core-3.1.1.jar:3.1.1]
	at restapi.UserController.index(UserController.groovy) ~[main/:na]
	at org.grails.core.DefaultGrailsControllerClass.invoke(DefaultGrailsControllerClass.java:182) ~[grails-core-3.1.1.jar:3.1.1]
	at org.grails.web.mapping.mvc.UrlMappingsInfoHandlerAdapter.handle(UrlMappingsInfoHandlerAdapter.groovy:87) ~[grails-web-url-mappings-3.1.1.jar:3.1.1]
	at org.springframework.web.servlet.DispatcherServlet.doDispatch(DispatcherServlet.java:959) [spring-webmvc-4.2.4.RELEASE.jar:4.2.4.RELEASE]
	at org.springframework.web.servlet.DispatcherServlet.doService(DispatcherServlet.java:893) [spring-webmvc-4.2.4.RELEASE.jar:4.2.4.RELEASE]
	at org.springframework.web.servlet.FrameworkServlet.processRequest(FrameworkServlet.java:969) [spring-webmvc-4.2.4.RELEASE.jar:4.2.4.RELEASE]
	at org.springframework.web.servlet.FrameworkServlet.doGet(FrameworkServlet.java:860) [spring-webmvc-4.2.4.RELEASE.jar:4.2.4.RELEASE]
	at javax.servlet.http.HttpServlet.service(HttpServlet.java:622) [tomcat-embed-core-8.0.30.jar:8.0.30]
	at org.springframework.web.servlet.FrameworkServlet.service(FrameworkServlet.java:845) [spring-webmvc-4.2.4.RELEASE.jar:4.2.4.RELEASE]
	at javax.servlet.http.HttpServlet.service(HttpServlet.java:729) [tomcat-embed-core-8.0.30.jar:8.0.30]
	at org.apache.catalina.core.ApplicationFilterChain.internalDoFilter(ApplicationFilterChain.java:291) [tomcat-embed-core-8.0.30.jar:8.0.30]
	at org.apache.catalina.core.ApplicationFilterChain.doFilter(ApplicationFilterChain.java:206) [tomcat-embed-core-8.0.30.jar:8.0.30]
	at org.apache.tomcat.websocket.server.WsFilter.doFilter(WsFilter.java:52) [tomcat-embed-websocket-8.0.30.jar:8.0.30]
	at org.apache.catalina.core.ApplicationFilterChain.internalDoFilter(ApplicationFilterChain.java:239) [tomcat-embed-core-8.0.30.jar:8.0.30]
	at org.apache.catalina.core.ApplicationFilterChain.doFilter(ApplicationFilterChain.java:206) [tomcat-embed-core-8.0.30.jar:8.0.30]
	at org.springframework.boot.actuate.autoconfigure.EndpointWebMvcAutoConfiguration$ApplicationContextHeaderFilter.doFilterInternal(EndpointWebMvcAutoConfiguration.java:237) [spring-boot-actuator-1.3.2.RELEASE.jar:1.3.2.RELEASE]
	at org.springframework.web.filter.OncePerRequestFilter.doFilter(OncePerRequestFilter.java:107) [spring-web-4.2.4.RELEASE.jar:4.2.4.RELEASE]
	at org.apache.catalina.core.ApplicationFilterChain.internalDoFilter(ApplicationFilterChain.java:239) [tomcat-embed-core-8.0.30.jar:8.0.30]
	at org.apache.catalina.core.ApplicationFilterChain.doFilter(ApplicationFilterChain.java:206) [tomcat-embed-core-8.0.30.jar:8.0.30]
	at org.springframework.boot.actuate.trace.WebRequestTraceFilter.doFilterInternal(WebRequestTraceFilter.java:111) [spring-boot-actuator-1.3.2.RELEASE.jar:1.3.2.RELEASE]
	at org.springframework.web.filter.OncePerRequestFilter.doFilter(OncePerRequestFilter.java:107) [spring-web-4.2.4.RELEASE.jar:4.2.4.RELEASE]
	at org.apache.catalina.core.ApplicationFilterChain.internalDoFilter(ApplicationFilterChain.java:239) [tomcat-embed-core-8.0.30.jar:8.0.30]
	at org.apache.catalina.core.ApplicationFilterChain.doFilter(ApplicationFilterChain.java:206) [tomcat-embed-core-8.0.30.jar:8.0.30]
	at org.grails.web.servlet.mvc.GrailsWebRequestFilter.doFilterInternal(GrailsWebRequestFilter.java:73) [grails-web-mvc-3.1.1.jar:3.1.1]
	at org.springframework.web.filter.OncePerRequestFilter.doFilter(OncePerRequestFilter.java:107) [spring-web-4.2.4.RELEASE.jar:4.2.4.RELEASE]
	at org.apache.catalina.core.ApplicationFilterChain.internalDoFilter(ApplicationFilterChain.java:239) [tomcat-embed-core-8.0.30.jar:8.0.30]
	at org.apache.catalina.core.ApplicationFilterChain.doFilter(ApplicationFilterChain.java:206) [tomcat-embed-core-8.0.30.jar:8.0.30]
	at org.grails.web.filters.HiddenHttpMethodFilter.doFilterInternal(HiddenHttpMethodFilter.java:67) [grails-web-mvc-3.1.1.jar:3.1.1]
	at org.springframework.web.filter.OncePerRequestFilter.doFilter(OncePerRequestFilter.java:107) [spring-web-4.2.4.RELEASE.jar:4.2.4.RELEASE]
	at org.apache.catalina.core.ApplicationFilterChain.internalDoFilter(ApplicationFilterChain.java:239) [tomcat-embed-core-8.0.30.jar:8.0.30]
	at org.apache.catalina.core.ApplicationFilterChain.doFilter(ApplicationFilterChain.java:206) [tomcat-embed-core-8.0.30.jar:8.0.30]
	at org.springframework.web.filter.CharacterEncodingFilter.doFilterInternal(CharacterEncodingFilter.java:121) [spring-web-4.2.4.RELEASE.jar:4.2.4.RELEASE]
	at org.springframework.web.filter.OncePerRequestFilter.doFilter(OncePerRequestFilter.java:107) [spring-web-4.2.4.RELEASE.jar:4.2.4.RELEASE]
	at org.apache.catalina.core.ApplicationFilterChain.internalDoFilter(ApplicationFilterChain.java:239) [tomcat-embed-core-8.0.30.jar:8.0.30]
	at org.apache.catalina.core.ApplicationFilterChain.doFilter(ApplicationFilterChain.java:206) [tomcat-embed-core-8.0.30.jar:8.0.30]
	at org.springframework.boot.actuate.autoconfigure.MetricsFilter.doFilterInternal(MetricsFilter.java:103) [spring-boot-actuator-1.3.2.RELEASE.jar:1.3.2.RELEASE]
	at org.springframework.web.filter.OncePerRequestFilter.doFilter(OncePerRequestFilter.java:107) [spring-web-4.2.4.RELEASE.jar:4.2.4.RELEASE]
	at org.apache.catalina.core.ApplicationFilterChain.internalDoFilter(ApplicationFilterChain.java:239) [tomcat-embed-core-8.0.30.jar:8.0.30]
	at org.apache.catalina.core.ApplicationFilterChain.doFilter(ApplicationFilterChain.java:206) [tomcat-embed-core-8.0.30.jar:8.0.30]
	at org.apache.catalina.core.StandardWrapperValve.invoke(StandardWrapperValve.java:212) [tomcat-embed-core-8.0.30.jar:8.0.30]
	at org.apache.catalina.core.StandardContextValve.invoke(StandardContextValve.java:106) [tomcat-embed-core-8.0.30.jar:8.0.30]
	at org.apache.catalina.authenticator.AuthenticatorBase.invoke(AuthenticatorBase.java:502) [tomcat-embed-core-8.0.30.jar:8.0.30]
	at org.apache.catalina.core.StandardHostValve.invoke(StandardHostValve.java:141) [tomcat-embed-core-8.0.30.jar:8.0.30]
	at org.apache.catalina.valves.ErrorReportValve.invoke(ErrorReportValve.java:79) [tomcat-embed-core-8.0.30.jar:8.0.30]
	at org.apache.catalina.core.StandardEngineValve.invoke(StandardEngineValve.java:88) [tomcat-embed-core-8.0.30.jar:8.0.30]
	at org.apache.catalina.connector.CoyoteAdapter.service(CoyoteAdapter.java:521) [tomcat-embed-core-8.0.30.jar:8.0.30]
	at org.apache.coyote.http11.AbstractHttp11Processor.process(AbstractHttp11Processor.java:1096) [tomcat-embed-core-8.0.30.jar:8.0.30]
	at org.apache.coyote.AbstractProtocol$AbstractConnectionHandler.process(AbstractProtocol.java:674) [tomcat-embed-core-8.0.30.jar:8.0.30]
	at org.apache.tomcat.util.net.NioEndpoint$SocketProcessor.doRun(NioEndpoint.java:1500) [tomcat-embed-core-8.0.30.jar:8.0.30]
	at org.apache.tomcat.util.net.NioEndpoint$SocketProcessor.run(NioEndpoint.java:1456) [tomcat-embed-core-8.0.30.jar:8.0.30]
	at java.util.concurrent.ThreadPoolExecutor.runWorker(ThreadPoolExecutor.java:1145) [na:1.7.0_80]
	at java.util.concurrent.ThreadPoolExecutor$Worker.run(ThreadPoolExecutor.java:615) [na:1.7.0_80]
	at org.apache.tomcat.util.threads.TaskThread$WrappingRunnable.run(TaskThread.java:61) [tomcat-embed-core-8.0.30.jar:8.0.30]
	at java.lang.Thread.run(Thread.java:745) [na:1.7.0_80]
ERROR StackTrace - Full Stack Trace:
grails.views.ViewRenderException: Error rendering view: null
	at grails.views.AbstractWritableScript.writeTo(AbstractWritableScript.groovy:33) ~[views-core-1.0.1.jar:na]
	at grails.views.mvc.GenericGroovyTemplateView.renderMergedOutputModel(GenericGroovyTemplateView.groovy:64) ~[views-core-1.0.1.jar:na]
	at grails.views.mvc.renderer.DefaultViewRenderer.render(DefaultViewRenderer.groovy:94) ~[views-core-1.0.1.jar:na]
	at grails.artefact.controller.RestResponder$Trait$Helper.internalRespond(RestResponder.groovy:188) ~[grails-plugin-rest-3.1.1.jar:3.1.1]
	at grails.artefact.controller.RestResponder$Trait$Helper.respond(RestResponder.groovy:62) ~[grails-plugin-rest-3.1.1.jar:3.1.1]
	at restapi.UserController.index(UserController.groovy:14) ~[main/:na]
	at grails.transaction.GrailsTransactionTemplate$2.doInTransaction(GrailsTransactionTemplate.groovy:96) ~[grails-core-3.1.1.jar:3.1.1]
	at grails.transaction.GrailsTransactionTemplate.execute(GrailsTransactionTemplate.groovy:93) ~[grails-core-3.1.1.jar:3.1.1]
	at java.util.concurrent.ThreadPoolExecutor.runWorker(ThreadPoolExecutor.java:1145) ~[na:1.7.0_80]
	at java.util.concurrent.ThreadPoolExecutor$Worker.run(ThreadPoolExecutor.java:615) ~[na:1.7.0_80]
	at java.lang.Thread.run(Thread.java:745) [na:1.7.0_80]
Caused by: java.lang.NullPointerException: null
	at java.util.LinkedList$ListItr.next(LinkedList.java:891) ~[na:1.7.0_80]
	at org.codehaus.groovy.control.CompilationUnit.<init>(CompilationUnit.java:234) ~[groovy-2.4.5.jar:2.4.5]
	at org.codehaus.groovy.control.CompilationUnit.<init>(CompilationUnit.java:123) ~[groovy-2.4.5.jar:2.4.5]
	at grails.views.ResolvableGroovyTemplateEngine$_createTemplate_closure2.doCall(ResolvableGroovyTemplateEngine.groovy:388) ~[views-core-1.0.1.jar:na]
	at grails.views.ResolvableGroovyTemplateEngine.createTemplate(ResolvableGroovyTemplateEngine.groovy:385) ~[views-core-1.0.1.jar:na]
	at grails.views.ResolvableGroovyTemplateEngine$_closure1.doCall(ResolvableGroovyTemplateEngine.groovy:63) ~[views-core-1.0.1.jar:na]
	at grails.views.ResolvableGroovyTemplateEngine.resolveTemplate(ResolvableGroovyTemplateEngine.groovy:342) ~[views-core-1.0.1.jar:na]
	at grails.plugin.json.view.api.internal.JsonGrailsViewHelper.render(JsonGrailsViewHelper.groovy:269) ~[views-json-1.0.1.jar:na]
	at grails.plugin.json.view.api.internal.TemplateRenderer.invokeMethod(TemplateRenderer.groovy:30) ~[views-json-1.0.1.jar:na]
	at rest_api_user_index_gson.run(rest_api_user_index_gson:7) ~[na:na]
	at grails.plugin.json.view.JsonViewTemplate.doWrite(JsonViewTemplate.groovy:32) ~[views-json-1.0.1.jar:na]
	at grails.views.AbstractWritableScript.writeTo(AbstractWritableScript.groovy:30) ~[views-core-1.0.1.jar:na]
	... 10 common frames omitted
ERROR StackTrace - Full Stack Trace:
grails.views.ViewRenderException: Error rendering view: null
	at grails.views.AbstractWritableScript.writeTo(AbstractWritableScript.groovy:33) ~[views-core-1.0.1.jar:na]
	at grails.views.mvc.GenericGroovyTemplateView.renderMergedOutputModel(GenericGroovyTemplateView.groovy:64) ~[views-core-1.0.1.jar:na]
	at grails.views.mvc.renderer.DefaultViewRenderer.render(DefaultViewRenderer.groovy:94) ~[views-core-1.0.1.jar:na]
	at grails.artefact.controller.RestResponder$Trait$Helper.internalRespond(RestResponder.groovy:188) ~[grails-plugin-rest-3.1.1.jar:3.1.1]
	at grails.artefact.controller.RestResponder$Trait$Helper.respond(RestResponder.groovy:62) ~[grails-plugin-rest-3.1.1.jar:3.1.1]
	at restapi.UserController.index(UserController.groovy:14) ~[main/:na]
	at grails.transaction.GrailsTransactionTemplate$2.doInTransaction(GrailsTransactionTemplate.groovy:96) ~[grails-core-3.1.1.jar:3.1.1]
	at grails.transaction.GrailsTransactionTemplate.execute(GrailsTransactionTemplate.groovy:93) ~[grails-core-3.1.1.jar:3.1.1]
	at java.util.concurrent.ThreadPoolExecutor.runWorker(ThreadPoolExecutor.java:1145) ~[na:1.7.0_80]
	at java.util.concurrent.ThreadPoolExecutor$Worker.run(ThreadPoolExecutor.java:615) ~[na:1.7.0_80]
	at java.lang.Thread.run(Thread.java:745) [na:1.7.0_80]
Caused by: java.lang.NullPointerException: null
	at java.util.LinkedList$ListItr.next(LinkedList.java:891) ~[na:1.7.0_80]
	at org.codehaus.groovy.control.CompilationUnit.<init>(CompilationUnit.java:234) ~[groovy-2.4.5.jar:2.4.5]
	at org.codehaus.groovy.control.CompilationUnit.<init>(CompilationUnit.java:123) ~[groovy-2.4.5.jar:2.4.5]
	at grails.views.ResolvableGroovyTemplateEngine$_createTemplate_closure2.doCall(ResolvableGroovyTemplateEngine.groovy:388) ~[views-core-1.0.1.jar:na]
	at grails.views.ResolvableGroovyTemplateEngine.createTemplate(ResolvableGroovyTemplateEngine.groovy:385) ~[views-core-1.0.1.jar:na]
	at grails.views.ResolvableGroovyTemplateEngine$_closure1.doCall(ResolvableGroovyTemplateEngine.groovy:63) ~[views-core-1.0.1.jar:na]
	at grails.views.ResolvableGroovyTemplateEngine.resolveTemplate(ResolvableGroovyTemplateEngine.groovy:342) ~[views-core-1.0.1.jar:na]
	at grails.plugin.json.view.api.internal.JsonGrailsViewHelper.render(JsonGrailsViewHelper.groovy:269) ~[views-json-1.0.1.jar:na]
	at grails.plugin.json.view.api.internal.TemplateRenderer.invokeMethod(TemplateRenderer.groovy:30) ~[views-json-1.0.1.jar:na]
	at rest_api_user_index_gson.run(rest_api_user_index_gson:7) ~[na:na]
	at grails.plugin.json.view.JsonViewTemplate.doWrite(JsonViewTemplate.groovy:32) ~[views-json-1.0.1.jar:na]
	at grails.views.AbstractWritableScript.writeTo(AbstractWritableScript.groovy:30) ~[views-core-1.0.1.jar:na]
	... 10 common frames omitted
